  Cjt_Clusters.cc
C:\Users\pekem\Documents\GitHub\PracticaPro2\ProyectoVisual\PracticaPro2\Cjt_Clusters.hh(20,6): error C2059: error de sintaxis: '?'
C:\Users\pekem\Documents\GitHub\PracticaPro2\ProyectoVisual\PracticaPro2\Cjt_Clusters.hh(21,16): error C3646: 'de': especificador de invalidación desconocido
C:\Users\pekem\Documents\GitHub\PracticaPro2\ProyectoVisual\PracticaPro2\Cjt_Clusters.hh(21,31): error C3646: 'Emmagatzematge': especificador de invalidación desconocido
C:\Users\pekem\Documents\GitHub\PracticaPro2\ProyectoVisual\PracticaPro2\Cjt_Clusters.hh(21,37): error C3646: 'Arbres': especificador de invalidación desconocido
C:\Users\pekem\Documents\GitHub\PracticaPro2\ProyectoVisual\PracticaPro2\Cjt_Clusters.hh(21,37): error C4430: falta el especificador de tipo; se presupone int. Nota: C++ no admite default-int
C:\Users\pekem\Documents\GitHub\PracticaPro2\ProyectoVisual\PracticaPro2\Cjt_Clusters.hh(22,16): error C3646: 'de': especificador de invalidación desconocido
C:\Users\pekem\Documents\GitHub\PracticaPro2\ProyectoVisual\PracticaPro2\Cjt_Clusters.hh(22,31): error C3646: 'Emmagatzematge': especificador de invalidación desconocido
C:\Users\pekem\Documents\GitHub\PracticaPro2\ProyectoVisual\PracticaPro2\Cjt_Clusters.hh(22,41): error C3646: 'Distancies': especificador de invalidación desconocido
C:\Users\pekem\Documents\GitHub\PracticaPro2\ProyectoVisual\PracticaPro2\Cjt_Clusters.hh(22,41): error C4430: falta el especificador de tipo; se presupone int. Nota: C++ no admite default-int
  Cjt_Especies.cc
C:\Users\pekem\Documents\GitHub\PracticaPro2\ProyectoVisual\PracticaPro2\Cjt_Especies.cc(30,3): error C3861: 'Actualitza_taula_distancies': no se encontró el identificador
C:\Users\pekem\Documents\GitHub\PracticaPro2\ProyectoVisual\PracticaPro2\Cjt_Especies.cc(121,23): warning C4267: 'inicializando': conversión de 'size_t' a 'int'; posible pérdida de datos
C:\Users\pekem\Documents\GitHub\PracticaPro2\ProyectoVisual\PracticaPro2\Cjt_Especies.cc(135,22): error C2039: 'CalcularDistancia': no es un miembro de 'Cjt_Especies'
C:\Users\pekem\Documents\GitHub\PracticaPro2\ProyectoVisual\PracticaPro2\Cjt_Especies.hh(17): message : vea la declaración de 'Cjt_Especies'
C:\Users\pekem\Documents\GitHub\PracticaPro2\ProyectoVisual\PracticaPro2\Cjt_Especies.cc(138,23): error C3861: 'Calcular_kmer': no se encontró el identificador
C:\Users\pekem\Documents\GitHub\PracticaPro2\ProyectoVisual\PracticaPro2\Cjt_Especies.cc(139,23): error C3861: 'Calcular_kmer': no se encontró el identificador
  Especie.cc
C:\Users\pekem\Documents\GitHub\PracticaPro2\ProyectoVisual\PracticaPro2\Especie.hh(11,8): error C2143: error de sintaxis: falta ';' delante de '<'
C:\Users\pekem\Documents\GitHub\PracticaPro2\ProyectoVisual\PracticaPro2\Especie.hh(11,8): error C4430: falta el especificador de tipo; se presupone int. Nota: C++ no admite default-int
C:\Users\pekem\Documents\GitHub\PracticaPro2\ProyectoVisual\PracticaPro2\Especie.hh(13,7): error C2334: símbolos (token) inesperados delante de ':'; se pasará por alto el cuerpo de función aparente
C:\Users\pekem\Documents\GitHub\PracticaPro2\ProyectoVisual\PracticaPro2\Especie.cc(2,1): fatal error C1004: se encontró un final de archivo no esperado
  main.cc
C:\Users\pekem\Documents\GitHub\PracticaPro2\ProyectoVisual\PracticaPro2\Cjt_Clusters.hh(20,6): error C2059: error de sintaxis: '?'
C:\Users\pekem\Documents\GitHub\PracticaPro2\ProyectoVisual\PracticaPro2\Cjt_Clusters.hh(21,16): error C3646: 'de': especificador de invalidación desconocido
C:\Users\pekem\Documents\GitHub\PracticaPro2\ProyectoVisual\PracticaPro2\Cjt_Clusters.hh(21,31): error C3646: 'Emmagatzematge': especificador de invalidación desconocido
C:\Users\pekem\Documents\GitHub\PracticaPro2\ProyectoVisual\PracticaPro2\Cjt_Clusters.hh(21,37): error C3646: 'Arbres': especificador de invalidación desconocido
C:\Users\pekem\Documents\GitHub\PracticaPro2\ProyectoVisual\PracticaPro2\Cjt_Clusters.hh(21,37): error C4430: falta el especificador de tipo; se presupone int. Nota: C++ no admite default-int
C:\Users\pekem\Documents\GitHub\PracticaPro2\ProyectoVisual\PracticaPro2\Cjt_Clusters.hh(22,16): error C3646: 'de': especificador de invalidación desconocido
C:\Users\pekem\Documents\GitHub\PracticaPro2\ProyectoVisual\PracticaPro2\Cjt_Clusters.hh(22,31): error C3646: 'Emmagatzematge': especificador de invalidación desconocido
C:\Users\pekem\Documents\GitHub\PracticaPro2\ProyectoVisual\PracticaPro2\Cjt_Clusters.hh(22,41): error C3646: 'Distancies': especificador de invalidación desconocido
C:\Users\pekem\Documents\GitHub\PracticaPro2\ProyectoVisual\PracticaPro2\Cjt_Clusters.hh(22,41): error C4430: falta el especificador de tipo; se presupone int. Nota: C++ no admite default-int
C:\Users\pekem\Documents\GitHub\PracticaPro2\ProyectoVisual\PracticaPro2\main.cc(45,34): error C2660: 'Cjt_Clusters::Inicialitza_clusters': la función no acepta 0 argumentos
C:\Users\pekem\Documents\GitHub\PracticaPro2\ProyectoVisual\PracticaPro2\Cjt_Clusters.hh(52,7): message : vea la declaración de 'Cjt_Clusters::Inicialitza_clusters'
C:\Users\pekem\Documents\GitHub\PracticaPro2\ProyectoVisual\PracticaPro2\main.cc(48,31): error C2065: 'cluster1': identificador no declarado
C:\Users\pekem\Documents\GitHub\PracticaPro2\ProyectoVisual\PracticaPro2\main.cc(48,41): error C2065: 'cluster2': identificador no declarado
  PracticaPro2.cpp
c1xx : fatal error C1083: No se puede abrir el archivo origen: 'PracticaPro2.cpp': No such file or directory
  Generando código...
